[2024-06-07 10:08:42 INFO  Test worker] [com.green.greengram.userfollow.UserFollowControllerTest] Starting UserFollowControllerTest using Java 17.0.10 with PID 3360 (started by Administrator in D:\Students\MJ\backEnd\GreenGramTdd)
[2024-06-07 10:08:42 INFO  Test worker] [com.green.greengram.userfollow.UserFollowControllerTest] No active profile set, falling back to 1 default profile: "default"
[2024-06-07 10:08:44 INFO  Test worker] [org.springframework.boot.autoconfigure.web.servlet.WelcomePageHandlerMapping] Adding welcome page: class path resource [static/index.html]
[2024-06-07 10:08:44 INFO  Test worker] [org.springframework.boot.test.mock.web.SpringBootMockServletContext] Initializing Spring TestDispatcherServlet ''
[2024-06-07 10:08:44 INFO  Test worker] [org.springframework.test.web.servlet.TestDispatcherServlet] Initializing Servlet ''
[2024-06-07 10:08:44 INFO  Test worker] [org.springframework.test.web.servlet.TestDispatcherServlet] Completed initialization in 2 ms
[2024-06-07 10:08:44 INFO  Test worker] [com.green.greengram.userfollow.UserFollowControllerTest] Started UserFollowControllerTest in 2.082 seconds (process running for 3.343)
[2024-06-07 10:10:21 INFO  Test worker] [com.green.greengram.userfollow.UserFollowControllerTest] Starting UserFollowControllerTest using Java 17.0.10 with PID 2388 (started by Administrator in D:\Students\MJ\backEnd\GreenGramTdd)
[2024-06-07 10:10:21 INFO  Test worker] [com.green.greengram.userfollow.UserFollowControllerTest] No active profile set, falling back to 1 default profile: "default"
[2024-06-07 10:10:23 INFO  Test worker] [org.springframework.boot.autoconfigure.web.servlet.WelcomePageHandlerMapping] Adding welcome page: class path resource [static/index.html]
[2024-06-07 10:10:23 INFO  Test worker] [org.springframework.boot.test.mock.web.SpringBootMockServletContext] Initializing Spring TestDispatcherServlet ''
[2024-06-07 10:10:23 INFO  Test worker] [org.springframework.test.web.servlet.TestDispatcherServlet] Initializing Servlet ''
[2024-06-07 10:10:23 INFO  Test worker] [org.springframework.test.web.servlet.TestDispatcherServlet] Completed initialization in 1 ms
[2024-06-07 10:10:23 INFO  Test worker] [com.green.greengram.userfollow.UserFollowControllerTest] Started UserFollowControllerTest in 1.739 seconds (process running for 2.636)
[2024-06-07 10:17:37 INFO  Test worker] [com.green.greengram.userfollow.UserFollowControllerTest] Starting UserFollowControllerTest using Java 17.0.10 with PID 5168 (started by Administrator in D:\Students\MJ\backEnd\GreenGramTdd)
[2024-06-07 10:17:37 INFO  Test worker] [com.green.greengram.userfollow.UserFollowControllerTest] No active profile set, falling back to 1 default profile: "default"
[2024-06-07 10:17:38 INFO  Test worker] [org.springframework.boot.autoconfigure.web.servlet.WelcomePageHandlerMapping] Adding welcome page: class path resource [static/index.html]
[2024-06-07 10:17:38 INFO  Test worker] [org.springframework.boot.test.mock.web.SpringBootMockServletContext] Initializing Spring TestDispatcherServlet ''
[2024-06-07 10:17:38 INFO  Test worker] [org.springframework.test.web.servlet.TestDispatcherServlet] Initializing Servlet ''
[2024-06-07 10:17:38 INFO  Test worker] [org.springframework.test.web.servlet.TestDispatcherServlet] Completed initialization in 1 ms
[2024-06-07 10:17:38 INFO  Test worker] [com.green.greengram.userfollow.UserFollowControllerTest] Started UserFollowControllerTest in 1.635 seconds (process running for 2.439)
[2024-06-07 10:18:11 INFO  Test worker] [com.green.greengram.userfollow.UserFollowControllerTest] Starting UserFollowControllerTest using Java 17.0.10 with PID 1064 (started by Administrator in D:\Students\MJ\backEnd\GreenGramTdd)
[2024-06-07 10:18:11 INFO  Test worker] [com.green.greengram.userfollow.UserFollowControllerTest] No active profile set, falling back to 1 default profile: "default"
[2024-06-07 10:18:12 INFO  Test worker] [org.springframework.boot.autoconfigure.web.servlet.WelcomePageHandlerMapping] Adding welcome page: class path resource [static/index.html]
[2024-06-07 10:18:12 INFO  Test worker] [org.springframework.boot.test.mock.web.SpringBootMockServletContext] Initializing Spring TestDispatcherServlet ''
[2024-06-07 10:18:12 INFO  Test worker] [org.springframework.test.web.servlet.TestDispatcherServlet] Initializing Servlet ''
[2024-06-07 10:18:12 INFO  Test worker] [org.springframework.test.web.servlet.TestDispatcherServlet] Completed initialization in 1 ms
[2024-06-07 10:18:12 INFO  Test worker] [com.green.greengram.userfollow.UserFollowControllerTest] Started UserFollowControllerTest in 1.614 seconds (process running for 2.453)
[2024-06-07 11:53:07 INFO  Test worker] [com.green.greengram.userfollow.UserFollowControllerTest] Starting UserFollowControllerTest using Java 17.0.10 with PID 4684 (started by Administrator in D:\Students\MJ\backEnd\GreenGramTdd)
[2024-06-07 11:53:07 INFO  Test worker] [com.green.greengram.userfollow.UserFollowControllerTest] No active profile set, falling back to 1 default profile: "default"
[2024-06-07 11:53:08 WARN  Test worker] [org.springframework.web.context.support.GenericWebApplicationContext] Exception encountered during context initialization - cancelling refresh attempt: org.springframework.beans.factory.UnsatisfiedDependencyException: Error creating bean with name 'userFollowControllerImpl' defined in file [D:\Students\MJ\backEnd\GreenGramTdd\build\classes\java\main\com\green\greengram\userfollow\UserFollowControllerImpl.class]: Unsatisfied dependency expressed through constructor parameter 0: No qualifying bean of type 'com.green.greengram.userfollow.UserFollowServiceImpl' available: expected at least 1 bean which qualifies as autowire candidate. Dependency annotations: {}
[2024-06-07 11:53:08 INFO  Test worker] [org.springframework.boot.autoconfigure.logging.ConditionEvaluationReportLogger] 

Error starting ApplicationContext. To display the condition evaluation report re-run your application with 'debug' enabled.
[2024-06-07 11:53:08 ERROR Test worker] [org.springframework.boot.diagnostics.LoggingFailureAnalysisReporter] 

***************************
APPLICATION FAILED TO START
***************************

Description:

Parameter 0 of constructor in com.green.greengram.userfollow.UserFollowControllerImpl required a bean of type 'com.green.greengram.userfollow.UserFollowServiceImpl' that could not be found.


Action:

Consider defining a bean of type 'com.green.greengram.userfollow.UserFollowServiceImpl' in your configuration.

[2024-06-07 11:53:08 WARN  Test worker] [org.springframework.test.context.TestContextManager] Caught exception while allowing TestExecutionListener [org.springframework.boot.test.mock.mockito.MockitoTestExecutionListener] to prepare test instance [com.green.greengram.userfollow.UserFollowControllerTest@6c96403e]
java.lang.IllegalStateException: Failed to load ApplicationContext for [WebMergedContextConfiguration@2a1e57c6 testClass = com.green.greengram.userfollow.UserFollowControllerTest, locations = [], classes = [com.green.greengram.GreenGramTddApplication], contextInitializerClasses = [], activeProfiles = [], propertySourceDescriptors = [], propertySourceProperties = ["org.springframework.boot.test.autoconfigure.web.servlet.WebMvcTestContextBootstrapper=true"], contextCustomizers = [org.springframework.boot.test.autoconfigure.OverrideAutoConfigurationContextCustomizerFactory$DisableAutoConfigurationContextCustomizer@424fd310, org.springframework.boot.test.autoconfigure.actuate.observability.ObservabilityContextCustomizerFactory$DisableObservabilityContextCustomizer@1f, org.springframework.boot.test.autoconfigure.filter.TypeExcludeFiltersContextCustomizer@3b13915d, org.springframework.boot.test.autoconfigure.properties.PropertyMappingContextCustomizer@330bb98c, org.springframework.boot.test.autoconfigure.web.servlet.WebDriverContextCustomizer@6941827a, [ImportsContextCustomizer@68d6f48e key = [org.springframework.boot.autoconfigure.task.TaskExecutionAutoConfiguration, org.springframework.boot.autoconfigure.cache.CacheAutoConfiguration, org.springframework.boot.autoconfigure.web.servlet.HttpEncodingAutoConfiguration, org.springframework.boot.autoconfigure.validation.ValidationAutoConfiguration, org.springframework.boot.autoconfigure.context.MessageSourceAutoConfiguration, org.springframework.boot.autoconfigure.hateoas.HypermediaAutoConfiguration, org.springframework.boot.autoconfigure.data.web.SpringDataWebAutoConfiguration, org.springframework.boot.autoconfigure.jackson.JacksonAutoConfiguration, org.springframework.boot.test.autoconfigure.web.reactive.WebTestClientAutoConfiguration, org.springframework.boot.autoconfigure.web.servlet.error.ErrorMvcAutoConfiguration, org.springframework.boot.test.autoconfigure.web.servlet.MockMvcAutoConfiguration, org.springframework.boot.autoconfigure.security.servlet.SecurityAutoConfiguration, org.springframework.boot.autoconfigure.security.servlet.SecurityFilterAutoConfiguration, org.springframework.boot.autoconfigure.http.HttpMessageConvertersAutoConfiguration, org.springframework.boot.autoconfigure.security.oauth2.client.servlet.OAuth2ClientAutoConfiguration, org.springframework.boot.test.autoconfigure.web.servlet.MockMvcSecurityConfiguration, org.springframework.boot.test.autoconfigure.web.servlet.MockMvcWebClientAutoConfiguration, org.springframework.boot.test.autoconfigure.web.servlet.MockMvcWebDriverAutoConfiguration, org.springframework.boot.autoconfigure.thymeleaf.ThymeleafAutoConfiguration, org.springframework.boot.autoconfigure.gson.GsonAutoConfiguration, org.springframework.boot.autoconfigure.jsonb.JsonbAutoConfiguration, org.springframework.boot.autoconfigure.freemarker.FreeMarkerAutoConfiguration, org.springframework.boot.autoconfigure.web.servlet.WebMvcAutoConfiguration, com.green.greengram.CharEncodingConfiguration, org.springframework.boot.autoconfigure.security.servlet.UserDetailsServiceAutoConfiguration, org.springframework.boot.autoconfigure.security.oauth2.resource.servlet.OAuth2ResourceServerAutoConfiguration, org.springframework.boot.autoconfigure.groovy.template.GroovyTemplateAutoConfiguration, org.springframework.boot.autoconfigure.mustache.MustacheAutoConfiguration]], org.springframework.boot.test.context.filter.ExcludeFilterContextCustomizer@cb191ca, org.springframework.boot.test.json.DuplicateJsonObjectContextCustomizerFactory$DuplicateJsonObjectContextCustomizer@792bbc74, org.springframework.boot.test.mock.mockito.MockitoContextCustomizer@9815bee5, org.springframework.boot.test.context.SpringBootTestAnnotation@7cabb04d], resourceBasePath = "src/main/webapp", contextLoader = org.springframework.boot.test.context.SpringBootContextLoader, parent = null]
	at org.springframework.test.context.cache.DefaultCacheAwareContextLoaderDelegate.loadContext(DefaultCacheAwareContextLoaderDelegate.java:180)
	at org.springframework.test.context.support.DefaultTestContext.getApplicationContext(DefaultTestContext.java:130)
	at org.springframework.boot.test.mock.mockito.MockitoTestExecutionListener.postProcessFields(MockitoTestExecutionListener.java:122)
	at org.springframework.boot.test.mock.mockito.MockitoTestExecutionListener.injectFields(MockitoTestExecutionListener.java:106)
	at org.springframework.boot.test.mock.mockito.MockitoTestExecutionListener.prepareTestInstance(MockitoTestExecutionListener.java:63)
	at org.springframework.test.context.TestContextManager.prepareTestInstance(TestContextManager.java:260)
	at org.springframework.test.context.junit.jupiter.SpringExtension.postProcessTestInstance(SpringExtension.java:163)
	at org.junit.jupiter.engine.descriptor.ClassBasedTestDescriptor.lambda$invokeTestInstancePostProcessors$10(ClassBasedTestDescriptor.java:378)
	at org.junit.jupiter.engine.descriptor.ClassBasedTestDescriptor.executeAndMaskThrowable(ClassBasedTestDescriptor.java:383)
	at org.junit.jupiter.engine.descriptor.ClassBasedTestDescriptor.lambda$invokeTestInstancePostProcessors$11(ClassBasedTestDescriptor.java:378)
	at java.base/java.util.stream.ReferencePipeline$3$1.accept(ReferencePipeline.java:197)
	at java.base/java.util.stream.ReferencePipeline$2$1.accept(ReferencePipeline.java:179)
	at java.base/java.util.ArrayList$ArrayListSpliterator.forEachRemaining(ArrayList.java:1625)
	at java.base/java.util.stream.AbstractPipeline.copyInto(AbstractPipeline.java:509)
	at java.base/java.util.stream.AbstractPipeline.wrapAndCopyInto(AbstractPipeline.java:499)
	at java.base/java.util.stream.StreamSpliterators$WrappingSpliterator.forEachRemaining(StreamSpliterators.java:310)
	at java.base/java.util.stream.Streams$ConcatSpliterator.forEachRemaining(Streams.java:735)
	at java.base/java.util.stream.Streams$ConcatSpliterator.forEachRemaining(Streams.java:734)
	at java.base/java.util.stream.ReferencePipeline$Head.forEach(ReferencePipeline.java:762)
	at org.junit.jupiter.engine.descriptor.ClassBasedTestDescriptor.invokeTestInstancePostProcessors(ClassBasedTestDescriptor.java:377)
	at org.junit.jupiter.engine.descriptor.ClassBasedTestDescriptor.lambda$instantiateAndPostProcessTestInstance$6(ClassBasedTestDescriptor.java:290)
	at org.junit.platform.engine.support.hierarchical.ThrowableCollector.execute(ThrowableCollector.java:73)
	at org.junit.jupiter.engine.descriptor.ClassBasedTestDescriptor.instantiateAndPostProcessTestInstance(ClassBasedTestDescriptor.java:289)
	at org.junit.jupiter.engine.descriptor.ClassBasedTestDescriptor.lambda$testInstancesProvider$4(ClassBasedTestDescriptor.java:279)
	at java.base/java.util.Optional.orElseGet(Optional.java:364)
	at org.junit.jupiter.engine.descriptor.ClassBasedTestDescriptor.lambda$testInstancesProvider$5(ClassBasedTestDescriptor.java:278)
	at org.junit.jupiter.engine.execution.TestInstancesProvider.getTestInstances(TestInstancesProvider.java:31)
	at org.junit.jupiter.engine.descriptor.TestMethodTestDescriptor.lambda$prepare$0(TestMethodTestDescriptor.java:106)
	at org.junit.platform.engine.support.hierarchical.ThrowableCollector.execute(ThrowableCollector.java:73)
	at org.junit.jupiter.engine.descriptor.TestMethodTestDescriptor.prepare(TestMethodTestDescriptor.java:105)
	at org.junit.jupiter.engine.descriptor.TestMethodTestDescriptor.prepare(TestMethodTestDescriptor.java:69)
	at org.junit.platform.engine.support.hierarchical.NodeTestTask.lambda$prepare$2(NodeTestTask.java:123)
	at org.junit.platform.engine.support.hierarchical.ThrowableCollector.execute(ThrowableCollector.java:73)
	at org.junit.platform.engine.support.hierarchical.NodeTestTask.prepare(NodeTestTask.java:123)
	at org.junit.platform.engine.support.hierarchical.NodeTestTask.execute(NodeTestTask.java:90)
	at java.base/java.util.ArrayList.forEach(ArrayList.java:1511)
	at org.junit.platform.engine.support.hierarchical.SameThreadHierarchicalTestExecutorService.invokeAll(SameThreadHierarchicalTestExecutorService.java:41)
	at org.junit.platform.engine.support.hierarchical.NodeTestTask.lambda$executeRecursively$6(NodeTestTask.java:155)
	at org.junit.platform.engine.support.hierarchical.ThrowableCollector.execute(ThrowableCollector.java:73)
	at org.junit.platform.engine.support.hierarchical.NodeTestTask.lambda$executeRecursively$8(NodeTestTask.java:141)
	at org.junit.platform.engine.support.hierarchical.Node.around(Node.java:137)
	at org.junit.platform.engine.support.hierarchical.NodeTestTask.lambda$executeRecursively$9(NodeTestTask.java:139)
	at org.junit.platform.engine.support.hierarchical.ThrowableCollector.execute(ThrowableCollector.java:73)
	at org.junit.platform.engine.support.hierarchical.NodeTestTask.executeRecursively(NodeTestTask.java:138)
	at org.junit.platform.engine.support.hierarchical.NodeTestTask.execute(NodeTestTask.java:95)
	at java.base/java.util.ArrayList.forEach(ArrayList.java:1511)
	at org.junit.platform.engine.support.hierarchical.SameThreadHierarchicalTestExecutorService.invokeAll(SameThreadHierarchicalTestExecutorService.java:41)
	at org.junit.platform.engine.support.hierarchical.NodeTestTask.lambda$executeRecursively$6(NodeTestTask.java:155)
	at org.junit.platform.engine.support.hierarchical.ThrowableCollector.execute(ThrowableCollector.java:73)
	at org.junit.platform.engine.support.hierarchical.NodeTestTask.lambda$executeRecursively$8(NodeTestTask.java:141)
	at org.junit.platform.engine.support.hierarchical.Node.around(Node.java:137)
	at org.junit.platform.engine.support.hierarchical.NodeTestTask.lambda$executeRecursively$9(NodeTestTask.java:139)
	at org.junit.platform.engine.support.hierarchical.ThrowableCollector.execute(ThrowableCollector.java:73)
	at org.junit.platform.engine.support.hierarchical.NodeTestTask.executeRecursively(NodeTestTask.java:138)
	at org.junit.platform.engine.support.hierarchical.NodeTestTask.execute(NodeTestTask.java:95)
	at org.junit.platform.engine.support.hierarchical.SameThreadHierarchicalTestExecutorService.submit(SameThreadHierarchicalTestExecutorService.java:35)
	at org.junit.platform.engine.support.hierarchical.HierarchicalTestExecutor.execute(HierarchicalTestExecutor.java:57)
	at org.junit.platform.engine.support.hierarchical.HierarchicalTestEngine.execute(HierarchicalTestEngine.java:54)
	at org.junit.platform.launcher.core.EngineExecutionOrchestrator.execute(EngineExecutionOrchestrator.java:198)
	at org.junit.platform.launcher.core.EngineExecutionOrchestrator.execute(EngineExecutionOrchestrator.java:169)
	at org.junit.platform.launcher.core.EngineExecutionOrchestrator.execute(EngineExecutionOrchestrator.java:93)
	at org.junit.platform.launcher.core.EngineExecutionOrchestrator.lambda$execute$0(EngineExecutionOrchestrator.java:58)
	at org.junit.platform.launcher.core.EngineExecutionOrchestrator.withInterceptedStreams(EngineExecutionOrchestrator.java:141)
	at org.junit.platform.launcher.core.EngineExecutionOrchestrator.execute(EngineExecutionOrchestrator.java:57)
	at org.junit.platform.launcher.core.DefaultLauncher.execute(DefaultLauncher.java:103)
	at org.junit.platform.launcher.core.DefaultLauncher.execute(DefaultLauncher.java:85)
	at org.junit.platform.launcher.core.DelegatingLauncher.execute(DelegatingLauncher.java:47)
	at org.gradle.api.internal.tasks.testing.junitplatform.JUnitPlatformTestClassProcessor$CollectAllTestClassesExecutor.processAllTestClasses(JUnitPlatformTestClassProcessor.java:119)
	at org.gradle.api.internal.tasks.testing.junitplatform.JUnitPlatformTestClassProcessor$CollectAllTestClassesExecutor.access$000(JUnitPlatformTestClassProcessor.java:94)
	at org.gradle.api.internal.tasks.testing.junitplatform.JUnitPlatformTestClassProcessor.stop(JUnitPlatformTestClassProcessor.java:89)
	at org.gradle.api.internal.tasks.testing.SuiteTestClassProcessor.stop(SuiteTestClassProcessor.java:62)
	at java.base/jdk.internal.reflect.NativeMethodAccessorImpl.invoke0(Native Method)
	at java.base/jdk.internal.reflect.NativeMethodAccessorImpl.invoke(NativeMethodAccessorImpl.java:77)
	at java.base/jdk.internal.reflect.DelegatingMethodAccessorImpl.invoke(DelegatingMethodAccessorImpl.java:43)
	at java.base/java.lang.reflect.Method.invoke(Method.java:568)
	at org.gradle.internal.dispatch.ReflectionDispatch.dispatch(ReflectionDispatch.java:36)
	at org.gradle.internal.dispatch.ReflectionDispatch.dispatch(ReflectionDispatch.java:24)
	at org.gradle.internal.dispatch.ContextClassLoaderDispatch.dispatch(ContextClassLoaderDispatch.java:33)
	at org.gradle.internal.dispatch.ProxyDispatchAdapter$DispatchingInvocationHandler.invoke(ProxyDispatchAdapter.java:94)
	at jdk.proxy1/jdk.proxy1.$Proxy2.stop(Unknown Source)
	at org.gradle.api.internal.tasks.testing.worker.TestWorker$3.run(TestWorker.java:193)
	at org.gradle.api.internal.tasks.testing.worker.TestWorker.executeAndMaintainThreadName(TestWorker.java:129)
	at org.gradle.api.internal.tasks.testing.worker.TestWorker.execute(TestWorker.java:100)
	at org.gradle.api.internal.tasks.testing.worker.TestWorker.execute(TestWorker.java:60)
	at org.gradle.process.internal.worker.child.ActionExecutionWorker.execute(ActionExecutionWorker.java:56)
	at org.gradle.process.internal.worker.child.SystemApplicationClassLoaderWorker.call(SystemApplicationClassLoaderWorker.java:113)
	at org.gradle.process.internal.worker.child.SystemApplicationClassLoaderWorker.call(SystemApplicationClassLoaderWorker.java:65)
	at worker.org.gradle.process.internal.worker.GradleWorkerMain.run(GradleWorkerMain.java:69)
	at worker.org.gradle.process.internal.worker.GradleWorkerMain.main(GradleWorkerMain.java:74)
Caused by: org.springframework.beans.factory.UnsatisfiedDependencyException: Error creating bean with name 'userFollowControllerImpl' defined in file [D:\Students\MJ\backEnd\GreenGramTdd\build\classes\java\main\com\green\greengram\userfollow\UserFollowControllerImpl.class]: Unsatisfied dependency expressed through constructor parameter 0: No qualifying bean of type 'com.green.greengram.userfollow.UserFollowServiceImpl' available: expected at least 1 bean which qualifies as autowire candidate. Dependency annotations: {}
	at org.springframework.beans.factory.support.ConstructorResolver.createArgumentArray(ConstructorResolver.java:795)
	at org.springframework.beans.factory.support.ConstructorResolver.autowireConstructor(ConstructorResolver.java:237)
	at org.springframework.beans.factory.support.AbstractAutowireCapableBeanFactory.autowireConstructor(AbstractAutowireCapableBeanFactory.java:1355)
	at org.springframework.beans.factory.support.AbstractAutowireCapableBeanFactory.createBeanInstance(AbstractAutowireCapableBeanFactory.java:1192)
	at org.springframework.beans.factory.support.AbstractAutowireCapableBeanFactory.doCreateBean(AbstractAutowireCapableBeanFactory.java:562)
	at org.springframework.beans.factory.support.AbstractAutowireCapableBeanFactory.createBean(AbstractAutowireCapableBeanFactory.java:522)
	at org.springframework.beans.factory.support.AbstractBeanFactory.lambda$doGetBean$0(AbstractBeanFactory.java:326)
	at org.springframework.beans.factory.support.DefaultSingletonBeanRegistry.getSingleton(DefaultSingletonBeanRegistry.java:234)
	at org.springframework.beans.factory.support.AbstractBeanFactory.doGetBean(AbstractBeanFactory.java:324)
	at org.springframework.beans.factory.support.AbstractBeanFactory.getBean(AbstractBeanFactory.java:200)
	at org.springframework.beans.factory.support.DefaultListableBeanFactory.preInstantiateSingletons(DefaultListableBeanFactory.java:975)
	at org.springframework.context.support.AbstractApplicationContext.finishBeanFactoryInitialization(AbstractApplicationContext.java:962)
	at org.springframework.context.support.AbstractApplicationContext.refresh(AbstractApplicationContext.java:624)
	at org.springframework.boot.SpringApplication.refresh(SpringApplication.java:754)
	at org.springframework.boot.SpringApplication.refreshContext(SpringApplication.java:456)
	at org.springframework.boot.SpringApplication.run(SpringApplication.java:334)
	at org.springframework.boot.test.context.SpringBootContextLoader.lambda$loadContext$3(SpringBootContextLoader.java:137)
	at org.springframework.util.function.ThrowingSupplier.get(ThrowingSupplier.java:58)
	at org.springframework.util.function.ThrowingSupplier.get(ThrowingSupplier.java:46)
	at org.springframework.boot.SpringApplication.withHook(SpringApplication.java:1454)
	at org.springframework.boot.test.context.SpringBootContextLoader$ContextLoaderHook.run(SpringBootContextLoader.java:553)
	at org.springframework.boot.test.context.SpringBootContextLoader.loadContext(SpringBootContextLoader.java:137)
	at org.springframework.boot.test.context.SpringBootContextLoader.loadContext(SpringBootContextLoader.java:108)
	at org.springframework.test.context.cache.DefaultCacheAwareContextLoaderDelegate.loadContextInternal(DefaultCacheAwareContextLoaderDelegate.java:225)
	at org.springframework.test.context.cache.DefaultCacheAwareContextLoaderDelegate.loadContext(DefaultCacheAwareContextLoaderDelegate.java:152)
	... 88 common frames omitted
Caused by: org.springframework.beans.factory.NoSuchBeanDefinitionException: No qualifying bean of type 'com.green.greengram.userfollow.UserFollowServiceImpl' available: expected at least 1 bean which qualifies as autowire candidate. Dependency annotations: {}
	at org.springframework.beans.factory.support.DefaultListableBeanFactory.raiseNoMatchingBeanFound(DefaultListableBeanFactory.java:1880)
	at org.springframework.beans.factory.support.DefaultListableBeanFactory.doResolveDependency(DefaultListableBeanFactory.java:1406)
	at org.springframework.beans.factory.support.DefaultListableBeanFactory.resolveDependency(DefaultListableBeanFactory.java:1353)
	at org.springframework.beans.factory.support.ConstructorResolver.resolveAutowiredArgument(ConstructorResolver.java:904)
	at org.springframework.beans.factory.support.ConstructorResolver.createArgumentArray(ConstructorResolver.java:782)
	... 112 common frames omitted
[2024-06-07 11:55:35 INFO  Test worker] [com.green.greengram.userfollow.UserFollowControllerTest] Starting UserFollowControllerTest using Java 17.0.10 with PID 6920 (started by Administrator in D:\Students\MJ\backEnd\GreenGramTdd)
[2024-06-07 11:55:35 INFO  Test worker] [com.green.greengram.userfollow.UserFollowControllerTest] No active profile set, falling back to 1 default profile: "default"
[2024-06-07 11:55:36 INFO  Test worker] [org.springframework.boot.autoconfigure.web.servlet.WelcomePageHandlerMapping] Adding welcome page: class path resource [static/index.html]
[2024-06-07 11:55:36 INFO  Test worker] [org.springframework.boot.test.mock.web.SpringBootMockServletContext] Initializing Spring TestDispatcherServlet ''
[2024-06-07 11:55:36 INFO  Test worker] [org.springframework.test.web.servlet.TestDispatcherServlet] Initializing Servlet ''
[2024-06-07 11:55:36 INFO  Test worker] [org.springframework.test.web.servlet.TestDispatcherServlet] Completed initialization in 2 ms
[2024-06-07 11:55:36 INFO  Test worker] [com.green.greengram.userfollow.UserFollowControllerTest] Started UserFollowControllerTest in 1.697 seconds (process running for 2.509)
[2024-06-07 12:09:24 INFO  Test worker] [com.green.greengram.userfollow.UserFollowControllerTest] Starting UserFollowControllerTest using Java 17.0.10 with PID 10712 (started by Administrator in D:\Students\MJ\backEnd\GreenGramTdd)
[2024-06-07 12:09:24 INFO  Test worker] [com.green.greengram.userfollow.UserFollowControllerTest] No active profile set, falling back to 1 default profile: "default"
[2024-06-07 12:09:25 INFO  Test worker] [org.springframework.boot.autoconfigure.web.servlet.WelcomePageHandlerMapping] Adding welcome page: class path resource [static/index.html]
[2024-06-07 12:09:25 INFO  Test worker] [org.springframework.boot.test.mock.web.SpringBootMockServletContext] Initializing Spring TestDispatcherServlet ''
[2024-06-07 12:09:25 INFO  Test worker] [org.springframework.test.web.servlet.TestDispatcherServlet] Initializing Servlet ''
[2024-06-07 12:09:25 INFO  Test worker] [org.springframework.test.web.servlet.TestDispatcherServlet] Completed initialization in 1 ms
[2024-06-07 12:09:25 INFO  Test worker] [com.green.greengram.userfollow.UserFollowControllerTest] Started UserFollowControllerTest in 1.642 seconds (process running for 2.444)
[2024-06-07 12:09:31 INFO  Test worker] [com.green.greengram.userfollow.UserFollowControllerTest] Starting UserFollowControllerTest using Java 17.0.10 with PID 6768 (started by Administrator in D:\Students\MJ\backEnd\GreenGramTdd)
[2024-06-07 12:09:31 INFO  Test worker] [com.green.greengram.userfollow.UserFollowControllerTest] No active profile set, falling back to 1 default profile: "default"
[2024-06-07 12:09:32 INFO  Test worker] [org.springframework.boot.autoconfigure.web.servlet.WelcomePageHandlerMapping] Adding welcome page: class path resource [static/index.html]
[2024-06-07 12:09:33 INFO  Test worker] [org.springframework.boot.test.mock.web.SpringBootMockServletContext] Initializing Spring TestDispatcherServlet ''
[2024-06-07 12:09:33 INFO  Test worker] [org.springframework.test.web.servlet.TestDispatcherServlet] Initializing Servlet ''
[2024-06-07 12:09:33 INFO  Test worker] [org.springframework.test.web.servlet.TestDispatcherServlet] Completed initialization in 1 ms
[2024-06-07 12:09:33 INFO  Test worker] [com.green.greengram.userfollow.UserFollowControllerTest] Started UserFollowControllerTest in 1.614 seconds (process running for 2.422)
[2024-06-07 12:09:51 INFO  Test worker] [com.green.greengram.userfollow.UserFollowControllerTest] Starting UserFollowControllerTest using Java 17.0.10 with PID 4064 (started by Administrator in D:\Students\MJ\backEnd\GreenGramTdd)
[2024-06-07 12:09:51 INFO  Test worker] [com.green.greengram.userfollow.UserFollowControllerTest] No active profile set, falling back to 1 default profile: "default"
[2024-06-07 12:09:52 INFO  Test worker] [org.springframework.boot.autoconfigure.web.servlet.WelcomePageHandlerMapping] Adding welcome page: class path resource [static/index.html]
[2024-06-07 12:09:52 INFO  Test worker] [org.springframework.boot.test.mock.web.SpringBootMockServletContext] Initializing Spring TestDispatcherServlet ''
[2024-06-07 12:09:52 INFO  Test worker] [org.springframework.test.web.servlet.TestDispatcherServlet] Initializing Servlet ''
[2024-06-07 12:09:52 INFO  Test worker] [org.springframework.test.web.servlet.TestDispatcherServlet] Completed initialization in 1 ms
[2024-06-07 12:09:53 INFO  Test worker] [com.green.greengram.userfollow.UserFollowControllerTest] Started UserFollowControllerTest in 1.629 seconds (process running for 2.426)
[2024-06-07 12:10:09 INFO  Test worker] [com.green.greengram.userfollow.UserFollowControllerTest] Starting UserFollowControllerTest using Java 17.0.10 with PID 7328 (started by Administrator in D:\Students\MJ\backEnd\GreenGramTdd)
[2024-06-07 12:10:09 INFO  Test worker] [com.green.greengram.userfollow.UserFollowControllerTest] No active profile set, falling back to 1 default profile: "default"
[2024-06-07 12:10:10 INFO  Test worker] [org.springframework.boot.autoconfigure.web.servlet.WelcomePageHandlerMapping] Adding welcome page: class path resource [static/index.html]
[2024-06-07 12:10:10 INFO  Test worker] [org.springframework.boot.test.mock.web.SpringBootMockServletContext] Initializing Spring TestDispatcherServlet ''
[2024-06-07 12:10:10 INFO  Test worker] [org.springframework.test.web.servlet.TestDispatcherServlet] Initializing Servlet ''
[2024-06-07 12:10:10 INFO  Test worker] [org.springframework.test.web.servlet.TestDispatcherServlet] Completed initialization in 1 ms
[2024-06-07 12:10:10 INFO  Test worker] [com.green.greengram.userfollow.UserFollowControllerTest] Started UserFollowControllerTest in 1.654 seconds (process running for 2.442)
[2024-06-07 12:11:03 INFO  Test worker] [com.green.greengram.userfollow.UserFollowControllerTest] Starting UserFollowControllerTest using Java 17.0.10 with PID 5868 (started by Administrator in D:\Students\MJ\backEnd\GreenGramTdd)
[2024-06-07 12:11:03 INFO  Test worker] [com.green.greengram.userfollow.UserFollowControllerTest] No active profile set, falling back to 1 default profile: "default"
[2024-06-07 12:11:04 INFO  Test worker] [org.springframework.boot.autoconfigure.web.servlet.WelcomePageHandlerMapping] Adding welcome page: class path resource [static/index.html]
[2024-06-07 12:11:04 INFO  Test worker] [org.springframework.boot.test.mock.web.SpringBootMockServletContext] Initializing Spring TestDispatcherServlet ''
[2024-06-07 12:11:04 INFO  Test worker] [org.springframework.test.web.servlet.TestDispatcherServlet] Initializing Servlet ''
[2024-06-07 12:11:04 INFO  Test worker] [org.springframework.test.web.servlet.TestDispatcherServlet] Completed initialization in 0 ms
[2024-06-07 12:11:04 INFO  Test worker] [com.green.greengram.userfollow.UserFollowControllerTest] Started UserFollowControllerTest in 1.596 seconds (process running for 2.396)
[2024-06-07 12:12:05 INFO  Test worker] [com.green.greengram.userfollow.UserFollowControllerTest] Starting UserFollowControllerTest using Java 17.0.10 with PID 5292 (started by Administrator in D:\Students\MJ\backEnd\GreenGramTdd)
[2024-06-07 12:12:05 INFO  Test worker] [com.green.greengram.userfollow.UserFollowControllerTest] No active profile set, falling back to 1 default profile: "default"
[2024-06-07 12:12:07 INFO  Test worker] [org.springframework.boot.autoconfigure.web.servlet.WelcomePageHandlerMapping] Adding welcome page: class path resource [static/index.html]
[2024-06-07 12:12:07 INFO  Test worker] [org.springframework.boot.test.mock.web.SpringBootMockServletContext] Initializing Spring TestDispatcherServlet ''
[2024-06-07 12:12:07 INFO  Test worker] [org.springframework.test.web.servlet.TestDispatcherServlet] Initializing Servlet ''
[2024-06-07 12:12:07 INFO  Test worker] [org.springframework.test.web.servlet.TestDispatcherServlet] Completed initialization in 1 ms
[2024-06-07 12:12:07 INFO  Test worker] [com.green.greengram.userfollow.UserFollowControllerTest] Started UserFollowControllerTest in 1.616 seconds (process running for 2.425)
[2024-06-07 12:14:54 INFO  Test worker] [com.green.greengram.userfollow.UserFollowControllerTest] Starting UserFollowControllerTest using Java 17.0.10 with PID 10356 (started by Administrator in D:\Students\MJ\backEnd\GreenGramTdd)
[2024-06-07 12:14:54 INFO  Test worker] [com.green.greengram.userfollow.UserFollowControllerTest] No active profile set, falling back to 1 default profile: "default"
[2024-06-07 12:14:55 INFO  Test worker] [org.springframework.boot.autoconfigure.web.servlet.WelcomePageHandlerMapping] Adding welcome page: class path resource [static/index.html]
[2024-06-07 12:14:55 INFO  Test worker] [org.springframework.boot.test.mock.web.SpringBootMockServletContext] Initializing Spring TestDispatcherServlet ''
[2024-06-07 12:14:55 INFO  Test worker] [org.springframework.test.web.servlet.TestDispatcherServlet] Initializing Servlet ''
[2024-06-07 12:14:55 INFO  Test worker] [org.springframework.test.web.servlet.TestDispatcherServlet] Completed initialization in 1 ms
[2024-06-07 12:14:55 INFO  Test worker] [com.green.greengram.userfollow.UserFollowControllerTest] Started UserFollowControllerTest in 1.66 seconds (process running for 2.462)
[2024-06-07 12:15:20 INFO  Test worker] [com.green.greengram.userfollow.UserFollowControllerTest] Starting UserFollowControllerTest using Java 17.0.10 with PID 8316 (started by Administrator in D:\Students\MJ\backEnd\GreenGramTdd)
[2024-06-07 12:15:20 INFO  Test worker] [com.green.greengram.userfollow.UserFollowControllerTest] No active profile set, falling back to 1 default profile: "default"
[2024-06-07 12:15:21 INFO  Test worker] [org.springframework.boot.autoconfigure.web.servlet.WelcomePageHandlerMapping] Adding welcome page: class path resource [static/index.html]
[2024-06-07 12:15:21 INFO  Test worker] [org.springframework.boot.test.mock.web.SpringBootMockServletContext] Initializing Spring TestDispatcherServlet ''
[2024-06-07 12:15:21 INFO  Test worker] [org.springframework.test.web.servlet.TestDispatcherServlet] Initializing Servlet ''
[2024-06-07 12:15:21 INFO  Test worker] [org.springframework.test.web.servlet.TestDispatcherServlet] Completed initialization in 1 ms
[2024-06-07 12:15:22 INFO  Test worker] [com.green.greengram.userfollow.UserFollowControllerTest] Started UserFollowControllerTest in 1.655 seconds (process running for 2.466)
[2024-06-07 12:56:40 INFO  Test worker] [com.green.greengram.feedfavorite.FeedFavoriteControllerTest] Starting FeedFavoriteControllerTest using Java 17.0.10 with PID 2904 (started by Administrator in D:\Students\MJ\backEnd\GreenGramTdd)
[2024-06-07 12:56:40 INFO  Test worker] [com.green.greengram.feedfavorite.FeedFavoriteControllerTest] No active profile set, falling back to 1 default profile: "default"
[2024-06-07 12:56:42 INFO  Test worker] [org.springframework.boot.autoconfigure.web.servlet.WelcomePageHandlerMapping] Adding welcome page: class path resource [static/index.html]
[2024-06-07 12:56:42 INFO  Test worker] [org.springframework.boot.test.mock.web.SpringBootMockServletContext] Initializing Spring TestDispatcherServlet ''
[2024-06-07 12:56:42 INFO  Test worker] [org.springframework.test.web.servlet.TestDispatcherServlet] Initializing Servlet ''
[2024-06-07 12:56:42 INFO  Test worker] [org.springframework.test.web.servlet.TestDispatcherServlet] Completed initialization in 1 ms
[2024-06-07 12:56:42 INFO  Test worker] [com.green.greengram.feedfavorite.FeedFavoriteControllerTest] Started FeedFavoriteControllerTest in 1.682 seconds (process running for 2.525)
